<?xml version="1.0" encoding="UTF-8"?>
<testng-results skipped="0" failed="0" ignored="0" total="1" passed="1">
  <reporter-output>
  </reporter-output>
  <suite name="Default suite" duration-ms="25515" started-at="2020-08-16T06:43:50Z" finished-at="2020-08-16T06:44:16Z">
    <groups>
    </groups>
    <test name="Default test" duration-ms="25515" started-at="2020-08-16T06:43:50Z" finished-at="2020-08-16T06:44:16Z">
      <class name="vote.Vote">
        <test-method status="PASS" signature="CastVote()[pri:0, instance:vote.Vote@204f30ec]" name="CastVote" duration-ms="25436" started-at="2020-08-16T06:43:50Z" finished-at="2020-08-16T06:44:16Z">
          <reporter-output>
          </reporter-output>
        </test-method> <!-- CastVote -->
      </class> <!-- vote.Vote -->
    </test> <!-- Default test -->
  </suite> <!-- Default suite -->
</testng-results>
